Using pre-set license
Built from '2020.3/staging' branch; Version is '2020.3.19f1 (68f137dc9bbe) revision 6877495'; Using compiler version '192528614'; Build Type 'Release'
OS: 'Windows 8.1  (6.3.0) 64bit' Language: 'es' Physical Memory: 4017 MB
BatchMode: 1, IsHumanControllingUs: 0, StartBugReporterOnCrash: 0, Is64bit: 1, IsPro: 0

COMMAND LINE ARGUMENTS:
C:\Program Files\Unity\Hub\Editor\2020.3.19f1\Editor\Unity.exe
-adb2
-batchMode
-noUpm
-name
AssetImportWorker5
-projectPath
C:/Users/HOME/Desktop/games jam
-logFile
Logs/AssetImportWorker5.log
-srvPort
57151
Successfully changed project path to: C:/Users/HOME/Desktop/games jam
C:/Users/HOME/Desktop/games jam
Using Asset Import Pipeline V2.
Refreshing native plugins compatible for Editor in 202.86 ms, found 3 plugins.
Preloading 0 native plugins for Editor in 0.00 ms.
Initialize engine version: 2020.3.19f1 (68f137dc9bbe)
[Subsystems] Discovering subsystems at path C:/Program Files/Unity/Hub/Editor/2020.3.19f1/Editor/Data/Resources/UnitySubsystems
[Subsystems] Discovering subsystems at path C:/Users/HOME/Desktop/games jam/Assets
GfxDevice: creating device client; threaded=0
d3d11: QueryInterface(IDXGIFactory5) failed (80004002).
Direct3D:
    Version:  Direct3D 11.0 [level 11.1]
    Renderer: Intel(R) HD Graphics (ID=0xa06)
    Vendor:   
    VRAM:     1792 MB
Initialize mono
Mono path[0] = 'C:/Program Files/Unity/Hub/Editor/2020.3.19f1/Editor/Data/Managed'
Mono path[1] = 'C:/Program Files/Unity/Hub/Editor/2020.3.19f1/Editor/Data/MonoBleedingEdge/lib/mono/unityjit'
Mono config path = 'C:/Program Files/Unity/Hub/Editor/2020.3.19f1/Editor/Data/MonoBleedingEdge/etc'
Using monoOptions --debugger-agent=transport=dt_socket,embedding=1,server=y,suspend=n,address=127.0.0.1:56388
Begin MonoManager ReloadAssembly
Registering precompiled unity dll's ...
Register platform support module: C:/Program Files/Unity/Hub/Editor/2020.3.19f1/Editor/Data/PlaybackEngines/WindowsStandaloneSupport/UnityEditor.WindowsStandalone.Extensions.dll
Registered in 0.004048 seconds.
Native extension for WindowsStandalone target not found
Refreshing native plugins compatible for Editor in 187.42 ms, found 3 plugins.
Preloading 0 native plugins for Editor in 0.00 ms.
Mono: successfully reloaded assembly
- Completed reload, in  4.218 seconds
Domain Reload Profiling:
	ReloadAssembly (4218ms)
		BeginReloadAssembly (215ms)
			ExecutionOrderSort (0ms)
			DisableScriptedObjects (0ms)
			BackupInstance (0ms)
			ReleaseScriptingObjects (0ms)
			CreateAndSetChildDomain (3ms)
		EndReloadAssembly (1883ms)
			LoadAssemblies (209ms)
			RebuildTransferFunctionScriptingTraits (0ms)
			SetupTypeCache (680ms)
			ReleaseScriptCaches (0ms)
			RebuildScriptCaches (137ms)
			SetupLoadedEditorAssemblies (770ms)
				LogAssemblyErrors (0ms)
				InitializePlatformSupportModulesInManaged (17ms)
				SetLoadedEditorAssemblies (1ms)
				RefreshPlugins (188ms)
				BeforeProcessingInitializeOnLoad (72ms)
				ProcessInitializeOnLoadAttributes (350ms)
				ProcessInitializeOnLoadMethodAttributes (142ms)
				AfterProcessingInitializeOnLoad (0ms)
				EditorAssembliesLoaded (1ms)
			ExecutionOrderSort2 (0ms)
			AwakeInstancesAfterBackupRestoration (0ms)
Platform modules already initialized, skipping
Registering precompiled user dll's ...
Registered in 0.008731 seconds.
Begin MonoManager ReloadAssembly
Native extension for WindowsStandalone target not found
Refreshing native plugins compatible for Editor in 187.17 ms, found 3 plugins.
Preloading 0 native plugins for Editor in 0.00 ms.
Mono: successfully reloaded assembly
- Completed reload, in  5.784 seconds
Domain Reload Profiling:
	ReloadAssembly (5788ms)
		BeginReloadAssembly (668ms)
			ExecutionOrderSort (0ms)
			DisableScriptedObjects (21ms)
			BackupInstance (0ms)
			ReleaseScriptingObjects (0ms)
			CreateAndSetChildDomain (66ms)
		EndReloadAssembly (4699ms)
			LoadAssemblies (577ms)
			RebuildTransferFunctionScriptingTraits (0ms)
			SetupTypeCache (1464ms)
			ReleaseScriptCaches (1ms)
			RebuildScriptCaches (288ms)
			SetupLoadedEditorAssemblies (1372ms)
				LogAssemblyErrors (0ms)
				InitializePlatformSupportModulesInManaged (13ms)
				SetLoadedEditorAssemblies (1ms)
				RefreshPlugins (187ms)
				BeforeProcessingInitializeOnLoad (367ms)
				ProcessInitializeOnLoadAttributes (742ms)
				ProcessInitializeOnLoadMethodAttributes (52ms)
				AfterProcessingInitializeOnLoad (10ms)
				EditorAssembliesLoaded (0ms)
			ExecutionOrderSort2 (0ms)
			AwakeInstancesAfterBackupRestoration (23ms)
Platform modules already initialized, skipping
========================================================================
Worker process is ready to serve import requests
Launched and connected shader compiler UnityShaderCompiler.exe after 0.29 seconds
Refreshing native plugins compatible for Editor in 1.60 ms, found 3 plugins.
Preloading 0 native plugins for Editor in 0.00 ms.
Unloading 2093 Unused Serialized files (Serialized files now loaded: 0)
System memory in use before: 93.3 MB.
System memory in use after: 93.4 MB.

Unloading 26 unused Assets to reduce memory usage. Loaded Objects now: 2533.
Total: 14.482787 ms (FindLiveObjects: 0.642213 ms CreateObjectMapping: 0.351165 ms MarkObjects: 13.193229 ms  DeleteObjects: 0.288849 ms)

AssetImportParameters requested are different than current active one (requested -> active):
  custom:framework-win-MediaFoundation: 216162199b28c13a410421893ffa2e32 -> 
  custom:video-decoder-ogg-theora: a1e56fd34408186e4bbccfd4996cb3dc -> 
  custom:container-muxer-webm: aa71ff27fc2769a1b78a27578f13a17b -> 
  custom:container-demuxer-webm: 4f35f7cbe854078d1ac9338744f61a02 -> 
  custom:container-demuxer-ogg: 62fdf1f143b41e24485cea50d1cbac27 -> 
  custom:video-encoder-webm-vp8: eb34c28f22e8b96e1ab97ce403110664 -> 
  custom:video-decoder-webm-vp8: 9c59270c3fd7afecdb556c50c9e8de78 -> 
  custom:audio-decoder-ogg-vorbis: bf7c407c2cedff20999df2af8eb42d56 -> 
  custom:audio-encoder-webm-vorbis: bf7c407c2cedff20999df2af8eb42d56 -> 
========================================================================
Received Import Request.
  path: Assets/CamaraPersonaje.cs
  artifactKey: Guid(05ab246ca7c043d45ab45dcbb8ad7226) Importer(815301076,1909f56bfc062723c751e8b465ee728b)
Start importing Assets/CamaraPersonaje.cs using Guid(05ab246ca7c043d45ab45dcbb8ad7226) Importer(815301076,1909f56bfc062723c751e8b465ee728b)  -> (artifact id: 'de4ea9c2775d236b25b0f09ce263764e') in 0.686841 seconds 
  Import took 0.718176 seconds .

========================================================================
Received Import Request.
  Time since last request: 4853.616718 seconds.
  path: Assets/CamaraPersonaje.cs
  artifactKey: Guid(05ab246ca7c043d45ab45dcbb8ad7226) Importer(815301076,1909f56bfc062723c751e8b465ee728b)
Start importing Assets/CamaraPersonaje.cs using Guid(05ab246ca7c043d45ab45dcbb8ad7226) Importer(815301076,1909f56bfc062723c751e8b465ee728b)  -> (artifact id: '929822372f479a377c91adb0ca93596a') in 1.822422 seconds 
  Import took 19.703020 seconds .

========================================================================
Received Import Request.
  Time since last request: 378.588003 seconds.
  path: Assets/CamaraPersonaje.cs
  artifactKey: Guid(05ab246ca7c043d45ab45dcbb8ad7226) Importer(815301076,1909f56bfc062723c751e8b465ee728b)
Start importing Assets/CamaraPersonaje.cs using Guid(05ab246ca7c043d45ab45dcbb8ad7226) Importer(815301076,1909f56bfc062723c751e8b465ee728b)  -> (artifact id: '00000000000000000000000000000000') in 0.276682 seconds  code(4) message(Build asset version error: assets/camarapersonaje.cs in SourceAssetDB has modification time of '2021-10-10T00:22:18.1850676Z' while content on disk has modification time of '2021-10-10T00:22:19.2568863Z')
  ERROR: Build asset version error: assets/camarapersonaje.cs in SourceAssetDB has modification time of '2021-10-10T00:22:18.1850676Z' while content on disk has modification time of '2021-10-10T00:22:19.2568863Z'
  Import took 0.351989 seconds .

========================================================================
Received Prepare
Registering precompiled user dll's ...
Registered in 0.539527 seconds.
Begin MonoManager ReloadAssembly
Native extension for WindowsStandalone target not found
Refreshing native plugins compatible for Editor in 14.40 ms, found 3 plugins.
Preloading 0 native plugins for Editor in 0.00 ms.
Mono: successfully reloaded assembly
- Completed reload, in 29.011 seconds
Domain Reload Profiling:
	ReloadAssembly (29839ms)
		BeginReloadAssembly (18536ms)
			ExecutionOrderSort (26ms)
			DisableScriptedObjects (3163ms)
			BackupInstance (0ms)
			ReleaseScriptingObjects (12ms)
			CreateAndSetChildDomain (10362ms)
		EndReloadAssembly (9953ms)
			LoadAssemblies (1444ms)
			RebuildTransferFunctionScriptingTraits (0ms)
			SetupTypeCache (3205ms)
			ReleaseScriptCaches (20ms)
			RebuildScriptCaches (658ms)
			SetupLoadedEditorAssemblies (3591ms)
				LogAssemblyErrors (0ms)
				InitializePlatformSupportModulesInManaged (158ms)
				SetLoadedEditorAssemblies (68ms)
				RefreshPlugins (15ms)
				BeforeProcessingInitializeOnLoad (1089ms)
				ProcessInitializeOnLoadAttributes (2201ms)
				ProcessInitializeOnLoadMethodAttributes (32ms)
				AfterProcessingInitializeOnLoad (17ms)
				EditorAssembliesLoaded (12ms)
			ExecutionOrderSort2 (0ms)
			AwakeInstancesAfterBackupRestoration (314ms)
Platform modules already initialized, skipping
Refreshing native plugins compatible for Editor in 2.25 ms, found 3 plugins.
Preloading 0 native plugins for Editor in 0.00 ms.
Unloading 2083 Unused Serialized files (Serialized files now loaded: 0)
System memory in use before: 92.8 MB.
System memory in use after: 92.9 MB.

Unloading 14 unused Assets to reduce memory usage. Loaded Objects now: 2536.
Total: 248.437538 ms (FindLiveObjects: 14.267250 ms CreateObjectMapping: 0.815230 ms MarkObjects: 233.261219 ms  DeleteObjects: 0.083576 ms)

AssetImportParameters requested are different than current active one (requested -> active):
  custom:framework-win-MediaFoundation: 216162199b28c13a410421893ffa2e32 -> 
  custom:video-decoder-ogg-theora: a1e56fd34408186e4bbccfd4996cb3dc -> 
  custom:container-muxer-webm: aa71ff27fc2769a1b78a27578f13a17b -> 
  custom:container-demuxer-webm: 4f35f7cbe854078d1ac9338744f61a02 -> 
  custom:container-demuxer-ogg: 62fdf1f143b41e24485cea50d1cbac27 -> 
  custom:video-encoder-webm-vp8: eb34c28f22e8b96e1ab97ce403110664 -> 
  custom:video-decoder-webm-vp8: 9c59270c3fd7afecdb556c50c9e8de78 -> 
  custom:audio-decoder-ogg-vorbis: bf7c407c2cedff20999df2af8eb42d56 -> 
  custom:audio-encoder-webm-vorbis: bf7c407c2cedff20999df2af8eb42d56 -> 
========================================================================
Received Import Request.
  Time since last request: 399.118438 seconds.
  path: Assets/CamaraPersonaje.cs
  artifactKey: Guid(05ab246ca7c043d45ab45dcbb8ad7226) Importer(815301076,1909f56bfc062723c751e8b465ee728b)
Start importing Assets/CamaraPersonaje.cs using Guid(05ab246ca7c043d45ab45dcbb8ad7226) Importer(815301076,1909f56bfc062723c751e8b465ee728b)  -> (artifact id: '47a11b27e08c540c3163196637c5d8d9') in 0.069021 seconds 
  Import took 0.244883 seconds .

========================================================================
Received Prepare
Registering precompiled user dll's ...
Registered in 6.276931 seconds.
Begin MonoManager ReloadAssembly
Native extension for WindowsStandalone target not found
Refreshing native plugins compatible for Editor in 1.58 ms, found 3 plugins.
Preloading 0 native plugins for Editor in 0.00 ms.
Mono: successfully reloaded assembly
- Completed reload, in 22.222 seconds
Domain Reload Profiling:
	ReloadAssembly (22232ms)
		BeginReloadAssembly (2489ms)
			ExecutionOrderSort (0ms)
			DisableScriptedObjects (156ms)
			BackupInstance (0ms)
			ReleaseScriptingObjects (0ms)
			CreateAndSetChildDomain (867ms)
		EndReloadAssembly (18797ms)
			LoadAssemblies (5592ms)
			RebuildTransferFunctionScriptingTraits (0ms)
			SetupTypeCache (5069ms)
			ReleaseScriptCaches (11ms)
			RebuildScriptCaches (637ms)
			SetupLoadedEditorAssemblies (5690ms)
				LogAssemblyErrors (0ms)
				InitializePlatformSupportModulesInManaged (101ms)
				SetLoadedEditorAssemblies (15ms)
				RefreshPlugins (2ms)
				BeforeProcessingInitializeOnLoad (1202ms)
				ProcessInitializeOnLoadAttributes (4236ms)
				ProcessInitializeOnLoadMethodAttributes (84ms)
				AfterProcessingInitializeOnLoad (48ms)
				EditorAssembliesLoaded (2ms)
			ExecutionOrderSort2 (0ms)
			AwakeInstancesAfterBackupRestoration (200ms)
Platform modules already initialized, skipping
Refreshing native plugins compatible for Editor in 20.10 ms, found 3 plugins.
Preloading 0 native plugins for Editor in 0.00 ms.
Unloading 2083 Unused Serialized files (Serialized files now loaded: 0)
System memory in use before: 92.8 MB.
System memory in use after: 92.9 MB.

Unloading 14 unused Assets to reduce memory usage. Loaded Objects now: 2539.
Total: 34.045364 ms (FindLiveObjects: 0.538843 ms CreateObjectMapping: 0.480194 ms MarkObjects: 32.975742 ms  DeleteObjects: 0.044720 ms)

AssetImportParameters requested are different than current active one (requested -> active):
  custom:framework-win-MediaFoundation: 216162199b28c13a410421893ffa2e32 -> 
  custom:video-decoder-ogg-theora: a1e56fd34408186e4bbccfd4996cb3dc -> 
  custom:container-muxer-webm: aa71ff27fc2769a1b78a27578f13a17b -> 
  custom:container-demuxer-webm: 4f35f7cbe854078d1ac9338744f61a02 -> 
  custom:container-demuxer-ogg: 62fdf1f143b41e24485cea50d1cbac27 -> 
  custom:video-encoder-webm-vp8: eb34c28f22e8b96e1ab97ce403110664 -> 
  custom:video-decoder-webm-vp8: 9c59270c3fd7afecdb556c50c9e8de78 -> 
  custom:audio-decoder-ogg-vorbis: bf7c407c2cedff20999df2af8eb42d56 -> 
  custom:audio-encoder-webm-vorbis: bf7c407c2cedff20999df2af8eb42d56 -> 
========================================================================
Received Import Request.
  Time since last request: 1677.397495 seconds.
  path: Assets/Tiles/forest floor.prefab
  artifactKey: Guid(0f5802905385f3346886edb6e231c6a1) Importer(815301076,1909f56bfc062723c751e8b465ee728b)
Start importing Assets/Tiles/forest floor.prefab using Guid(0f5802905385f3346886edb6e231c6a1) Importer(815301076,1909f56bfc062723c751e8b465ee728b)  -> (artifact id: 'eab2cb4cbc1cb12ff0df307cb2b79f07') in 16.803195 seconds 
  Import took 16.936876 seconds .

========================================================================
Received Import Request.
  Time since last request: 0.000677 seconds.
  path: Assets/Tiles/Layer_0001_8_44.asset
  artifactKey: Guid(1c7872b41dbc5ce4a80fb1ce9f0d16c5) Importer(815301076,1909f56bfc062723c751e8b465ee728b)
Start importing Assets/Tiles/Layer_0001_8_44.asset using Guid(1c7872b41dbc5ce4a80fb1ce9f0d16c5) Importer(815301076,1909f56bfc062723c751e8b465ee728b)  -> (artifact id: '7c4299036a788a27de4850957cf7b136') in 0.118801 seconds 
  Import took 0.153190 seconds .

========================================================================
Received Import Request.
  Time since last request: 0.000685 seconds.
  path: Assets/Tiles/Layer_0001_8_47.asset
  artifactKey: Guid(65d31e31c825c7341962c6d775f63433) Importer(815301076,1909f56bfc062723c751e8b465ee728b)
Start importing Assets/Tiles/Layer_0001_8_47.asset using Guid(65d31e31c825c7341962c6d775f63433) Importer(815301076,1909f56bfc062723c751e8b465ee728b)  -> (artifact id: '1c6b93f9ae992aa7be6ae28dabda2eb1') in 0.047992 seconds 
  Import took 0.130010 seconds .

========================================================================
Received Import Request.
  Time since last request: 0.000693 seconds.
  path: Assets/Tiles/Layer_0001_8_106.asset
  artifactKey: Guid(de9fead114513a5459b63c005fbe7b69) Importer(815301076,1909f56bfc062723c751e8b465ee728b)
Start importing Assets/Tiles/Layer_0001_8_106.asset using Guid(de9fead114513a5459b63c005fbe7b69) Importer(815301076,1909f56bfc062723c751e8b465ee728b)  -> (artifact id: '0ff0a0d3871fa161e839ca9607f4f8c9') in 0.052416 seconds 
  Import took 0.148786 seconds .

========================================================================
Received Import Request.
  Time since last request: 0.000268 seconds.
  path: Assets/Tiles/Layer_0001_8_70.asset
  artifactKey: Guid(43d481eed8c65eb4a863bfa759b4ed07) Importer(815301076,1909f56bfc062723c751e8b465ee728b)
Start importing Assets/Tiles/Layer_0001_8_70.asset using Guid(43d481eed8c65eb4a863bfa759b4ed07) Importer(815301076,1909f56bfc062723c751e8b465ee728b)  -> (artifact id: 'b2d949317ebb5cf331f4c9e8d815860a') in 0.037292 seconds 
  Import took 0.081000 seconds .

========================================================================
Received Import Request.
  Time since last request: 0.000930 seconds.
  path: Assets/Tiles/Layer_0001_8_80.asset
  artifactKey: Guid(f733acf9b77e1cb4d8d9c5e90de533a8) Importer(815301076,1909f56bfc062723c751e8b465ee728b)
Start importing Assets/Tiles/Layer_0001_8_80.asset using Guid(f733acf9b77e1cb4d8d9c5e90de533a8) Importer(815301076,1909f56bfc062723c751e8b465ee728b)  -> (artifact id: '7305fb24e0e28c450b572680a4543490') in 0.059790 seconds 
  Import took 0.105946 seconds .

========================================================================
Received Import Request.
  Time since last request: 0.000630 seconds.
  path: Assets/Tiles/Layer_0001_8_45.asset
  artifactKey: Guid(4d11dedecbc28f34ea9cd8be5cccf29d) Importer(815301076,1909f56bfc062723c751e8b465ee728b)
Start importing Assets/Tiles/Layer_0001_8_45.asset using Guid(4d11dedecbc28f34ea9cd8be5cccf29d) Importer(815301076,1909f56bfc062723c751e8b465ee728b)  -> (artifact id: '71cd1dddef76c469ab04f85cc03911c4') in 0.053639 seconds 
  Import took 0.082535 seconds .

========================================================================
Received Import Request.
  Time since last request: 0.000635 seconds.
  path: Assets/Tiles/Layer_0001_8_48.asset
  artifactKey: Guid(32535215d932d5c42a5417bb249eba5f) Importer(815301076,1909f56bfc062723c751e8b465ee728b)
Start importing Assets/Tiles/Layer_0001_8_48.asset using Guid(32535215d932d5c42a5417bb249eba5f) Importer(815301076,1909f56bfc062723c751e8b465ee728b)  -> (artifact id: '2dcce6abef26c763ad64af6d16aa6fc1') in 0.164044 seconds 
  Import took 0.196559 seconds .

========================================================================
Received Import Request.
  Time since last request: 0.000672 seconds.
  path: Assets/Tiles/Layer_0001_8_60.asset
  artifactKey: Guid(2a68f74c8f0708f42a46e76742dddbe8) Importer(815301076,1909f56bfc062723c751e8b465ee728b)
Start importing Assets/Tiles/Layer_0001_8_60.asset using Guid(2a68f74c8f0708f42a46e76742dddbe8) Importer(815301076,1909f56bfc062723c751e8b465ee728b)  -> (artifact id: 'c28e542781c3aa667be1e3eb9c6b9a74') in 0.066284 seconds 
  Import took 0.094957 seconds .

========================================================================
Received Import Request.
  Time since last request: 0.000781 seconds.
  path: Assets/Tiles/Layer_0001_8_58.asset
  artifactKey: Guid(f603cda637956ca4cba09eedad4f8dd3) Importer(815301076,1909f56bfc062723c751e8b465ee728b)
Start importing Assets/Tiles/Layer_0001_8_58.asset using Guid(f603cda637956ca4cba09eedad4f8dd3) Importer(815301076,1909f56bfc062723c751e8b465ee728b)  -> (artifact id: '911dd5b9c0554e4d3362b7e546c09d6f') in 0.064695 seconds 
  Import took 0.100545 seconds .

========================================================================
Received Import Request.
  Time since last request: 0.000615 seconds.
  path: Assets/Tiles/Layer_0001_8_101.asset
  artifactKey: Guid(0203617fe7dc527498138f065e9fcd41) Importer(815301076,1909f56bfc062723c751e8b465ee728b)
Start importing Assets/Tiles/Layer_0001_8_101.asset using Guid(0203617fe7dc527498138f065e9fcd41) Importer(815301076,1909f56bfc062723c751e8b465ee728b)  -> (artifact id: 'baec2b848c7f0acca18122032a041348') in 0.346239 seconds 
  Import took 0.442430 seconds .

========================================================================
Received Import Request.
  Time since last request: 0.000668 seconds.
  path: Assets/Tiles/Layer_0001_8_56.asset
  artifactKey: Guid(72f298830385d6840aea2c9c351a157b) Importer(815301076,1909f56bfc062723c751e8b465ee728b)
Start importing Assets/Tiles/Layer_0001_8_56.asset using Guid(72f298830385d6840aea2c9c351a157b) Importer(815301076,1909f56bfc062723c751e8b465ee728b)  -> (artifact id: '41eb6cc9f47cac4083b664de193481a7') in 0.036611 seconds 
  Import took 0.108135 seconds .

========================================================================
Received Import Request.
  Time since last request: 0.000610 seconds.
  path: Assets/Tiles/Layer_0001_8_97.asset
  artifactKey: Guid(a09174fe71aaff640a213bb46ec94cd6) Importer(815301076,1909f56bfc062723c751e8b465ee728b)
Start importing Assets/Tiles/Layer_0001_8_97.asset using Guid(a09174fe71aaff640a213bb46ec94cd6) Importer(815301076,1909f56bfc062723c751e8b465ee728b)  -> (artifact id: '1c4ec926be40557e7c6ae1233b83e34d') in 0.034873 seconds 
  Import took 0.047726 seconds .

========================================================================
Received Import Request.
  Time since last request: 0.000623 seconds.
  path: Assets/Tiles/Layer_0001_8_46.asset
  artifactKey: Guid(c647164d4a644604eacd04bc0a42cb32) Importer(815301076,1909f56bfc062723c751e8b465ee728b)
Start importing Assets/Tiles/Layer_0001_8_46.asset using Guid(c647164d4a644604eacd04bc0a42cb32) Importer(815301076,1909f56bfc062723c751e8b465ee728b)  -> (artifact id: 'f54e73951e7310c220c974d03c08e88b') in 0.103569 seconds 
  Import took 0.168975 seconds .

========================================================================
Received Import Request.
  Time since last request: 0.000638 seconds.
  path: Assets/Tiles/Layer_0001_8_62.asset
  artifactKey: Guid(fab3ed805075fe64c8d6dd25485d4e6f) Importer(815301076,1909f56bfc062723c751e8b465ee728b)
Start importing Assets/Tiles/Layer_0001_8_62.asset using Guid(fab3ed805075fe64c8d6dd25485d4e6f) Importer(815301076,1909f56bfc062723c751e8b465ee728b)  -> (artifact id: '6c28ea492cb7fd8cc3f7ae897003daef') in 0.035144 seconds 
  Import took 0.096454 seconds .

========================================================================
Received Import Request.
  Time since last request: 0.000718 seconds.
  path: Assets/Tiles/Layer_0001_8_83.asset
  artifactKey: Guid(e40e3f77fd1e8f34ca174b4af1437b1a) Importer(815301076,1909f56bfc062723c751e8b465ee728b)
Start importing Assets/Tiles/Layer_0001_8_83.asset using Guid(e40e3f77fd1e8f34ca174b4af1437b1a) Importer(815301076,1909f56bfc062723c751e8b465ee728b)  -> (artifact id: '789f21e0ad278b988b6727ac55d96b6e') in 0.050585 seconds 
  Import took 0.233911 seconds .

========================================================================
Received Import Request.
  Time since last request: 0.000802 seconds.
  path: Assets/Tiles/Layer_0001_8_81.asset
  artifactKey: Guid(14518af8d49fbc348bf198f8a961209a) Importer(815301076,1909f56bfc062723c751e8b465ee728b)
Start importing Assets/Tiles/Layer_0001_8_81.asset using Guid(14518af8d49fbc348bf198f8a961209a) Importer(815301076,1909f56bfc062723c751e8b465ee728b)  -> (artifact id: 'be5e1840cb8f32d0c4f4c4ddf288d7e7') in 0.118341 seconds 
  Import took 0.255942 seconds .

========================================================================
Received Import Request.
  Time since last request: 0.000636 seconds.
  path: Assets/Tiles/Layer_0001_8_3.asset
  artifactKey: Guid(eeac76fb852052d4db7f028af68237e2) Importer(815301076,1909f56bfc062723c751e8b465ee728b)
Start importing Assets/Tiles/Layer_0001_8_3.asset using Guid(eeac76fb852052d4db7f028af68237e2) Importer(815301076,1909f56bfc062723c751e8b465ee728b)  -> (artifact id: '6984c7909fa79d2dd72341bef57f40eb') in 0.293961 seconds 
  Import took 0.350428 seconds .

========================================================================
Received Import Request.
  Time since last request: 0.000614 seconds.
  path: Assets/Tiles/Layer_0001_8_55.asset
  artifactKey: Guid(e922ec6153fce9241b2a79454ef674b8) Importer(815301076,1909f56bfc062723c751e8b465ee728b)
Start importing Assets/Tiles/Layer_0001_8_55.asset using Guid(e922ec6153fce9241b2a79454ef674b8) Importer(815301076,1909f56bfc062723c751e8b465ee728b)  -> (artifact id: '6a6297b0126a8730ca80bc22e4c9ca3c') in 0.037481 seconds 
  Import took 0.049055 seconds .

========================================================================
Received Import Request.
  Time since last request: 0.000612 seconds.
  path: Assets/Tiles/Layer_0001_8_63.asset
  artifactKey: Guid(2351049f515665245baab1d25b73f2e3) Importer(815301076,1909f56bfc062723c751e8b465ee728b)
Start importing Assets/Tiles/Layer_0001_8_63.asset using Guid(2351049f515665245baab1d25b73f2e3) Importer(815301076,1909f56bfc062723c751e8b465ee728b)  -> (artifact id: 'eee52b301d57a1c8c28225fb6170849d') in 0.061938 seconds 
  Import took 0.114538 seconds .

========================================================================
Received Import Request.
  Time since last request: 0.000589 seconds.
  path: Assets/Tiles/Layer_0001_8_90.asset
  artifactKey: Guid(3bf55cbb4ea556a42b693d6f9277fb83) Importer(815301076,1909f56bfc062723c751e8b465ee728b)
Start importing Assets/Tiles/Layer_0001_8_90.asset using Guid(3bf55cbb4ea556a42b693d6f9277fb83) Importer(815301076,1909f56bfc062723c751e8b465ee728b)  -> (artifact id: '0323e42b1b0103eb8ebfe70bf176c520') in 0.135975 seconds 
  Import took 0.157129 seconds .

========================================================================
Received Import Request.
  Time since last request: 0.000613 seconds.
  path: Assets/Tiles/Layer_0001_8_82.asset
  artifactKey: Guid(f95e4850cb6cced4aae9f3667401d144) Importer(815301076,1909f56bfc062723c751e8b465ee728b)
Start importing Assets/Tiles/Layer_0001_8_82.asset using Guid(f95e4850cb6cced4aae9f3667401d144) Importer(815301076,1909f56bfc062723c751e8b465ee728b)  -> (artifact id: '3f4d352791823304ba6cc0111c99d0a6') in 0.184117 seconds 
  Import took 0.211330 seconds .

========================================================================
Received Import Request.
  Time since last request: 0.000619 seconds.
  path: Assets/Tiles/Layer_0001_8_4.asset
  artifactKey: Guid(8e68263c79499404198266b934c701f1) Importer(815301076,1909f56bfc062723c751e8b465ee728b)
Start importing Assets/Tiles/Layer_0001_8_4.asset using Guid(8e68263c79499404198266b934c701f1) Importer(815301076,1909f56bfc062723c751e8b465ee728b)  -> (artifact id: 'a6018ff2de970e7ae10197168da43ced') in 0.123810 seconds 
  Import took 0.210754 seconds .

========================================================================
Received Import Request.
  Time since last request: 0.000598 seconds.
  path: Assets/Tiles/Layer_0001_8_95.asset
  artifactKey: Guid(12a74d8f6b405904db392e1297b633c4) Importer(815301076,1909f56bfc062723c751e8b465ee728b)
Start importing Assets/Tiles/Layer_0001_8_95.asset using Guid(12a74d8f6b405904db392e1297b633c4) Importer(815301076,1909f56bfc062723c751e8b465ee728b)  -> (artifact id: 'd796553c9d24cd23a7ed8e3022339986') in 0.220706 seconds 
  Import took 0.240392 seconds .

========================================================================
Received Import Request.
  Time since last request: 0.000630 seconds.
  path: Assets/Tiles/Layer_0001_8_51.asset
  artifactKey: Guid(492b8d286f30a96459948a76c17de44e) Importer(815301076,1909f56bfc062723c751e8b465ee728b)
Start importing Assets/Tiles/Layer_0001_8_51.asset using Guid(492b8d286f30a96459948a76c17de44e) Importer(815301076,1909f56bfc062723c751e8b465ee728b)  -> (artifact id: '2a50b90f1d93d6d3e5581fd5a4ac21ff') in 0.036549 seconds 
  Import took 0.095767 seconds .

========================================================================
Received Import Request.
  Time since last request: 0.000584 seconds.
  path: Assets/Tiles/Layer_0001_8_92.asset
  artifactKey: Guid(2af99b837711f0444a7a74fe2c677abf) Importer(815301076,1909f56bfc062723c751e8b465ee728b)
Start importing Assets/Tiles/Layer_0001_8_92.asset using Guid(2af99b837711f0444a7a74fe2c677abf) Importer(815301076,1909f56bfc062723c751e8b465ee728b)  -> (artifact id: '16d4206fd7ab0c2a59f760fdb1a22951') in 0.049878 seconds 
  Import took 0.062542 seconds .

========================================================================
Received Import Request.
  Time since last request: 0.000702 seconds.
  path: Assets/Tiles/Layer_0001_8_54.asset
  artifactKey: Guid(55b8b20fbe25ab8439820d4256c41fe1) Importer(815301076,1909f56bfc062723c751e8b465ee728b)
Start importing Assets/Tiles/Layer_0001_8_54.asset using Guid(55b8b20fbe25ab8439820d4256c41fe1) Importer(815301076,1909f56bfc062723c751e8b465ee728b)  -> (artifact id: '8295dad859f5ab7277283f6cfc71d96b') in 0.049058 seconds 
  Import took 0.061565 seconds .

========================================================================
Received Import Request.
  Time since last request: 0.000714 seconds.
  path: Assets/Tiles/Layer_0001_8_1.asset
  artifactKey: Guid(05b7b3d4c648e664aafada2987327931) Importer(815301076,1909f56bfc062723c751e8b465ee728b)
Start importing Assets/Tiles/Layer_0001_8_1.asset using Guid(05b7b3d4c648e664aafada2987327931) Importer(815301076,1909f56bfc062723c751e8b465ee728b)  -> (artifact id: '28f35987cb9b332fb1943e5600477868') in 0.219447 seconds 
  Import took 0.249114 seconds .

========================================================================
Received Import Request.
  Time since last request: 0.000672 seconds.
  path: Assets/Tiles/Layer_0001_8_68.asset
  artifactKey: Guid(49c61ba7d7d70814489cac1599c230e8) Importer(815301076,1909f56bfc062723c751e8b465ee728b)
Start importing Assets/Tiles/Layer_0001_8_68.asset using Guid(49c61ba7d7d70814489cac1599c230e8) Importer(815301076,1909f56bfc062723c751e8b465ee728b)  -> (artifact id: 'a03933ed8d58333d30532ea7d6186310') in 0.108706 seconds 
  Import took 0.128924 seconds .

========================================================================
Received Import Request.
  Time since last request: 0.000694 seconds.
  path: Assets/Tiles/Layer_0001_8_40.asset
  artifactKey: Guid(94de64247f5ae914aa886a61d72cef19) Importer(815301076,1909f56bfc062723c751e8b465ee728b)
Start importing Assets/Tiles/Layer_0001_8_40.asset using Guid(94de64247f5ae914aa886a61d72cef19) Importer(815301076,1909f56bfc062723c751e8b465ee728b)  -> (artifact id: '92e92e122671f81fb5385a794d83efdd') in 0.042740 seconds 
  Import took 0.081568 seconds .

========================================================================
Received Import Request.
  Time since last request: 0.000687 seconds.
  path: Assets/Tiles/Layer_0001_8_5.asset
  artifactKey: Guid(488ab11b4597e8c4b8c3ea17804b8790) Importer(815301076,1909f56bfc062723c751e8b465ee728b)
Start importing Assets/Tiles/Layer_0001_8_5.asset using Guid(488ab11b4597e8c4b8c3ea17804b8790) Importer(815301076,1909f56bfc062723c751e8b465ee728b)  -> (artifact id: '37d012178d0aa9986d88a307f06f5046') in 0.156144 seconds 
  Import took 0.268875 seconds .

========================================================================
Received Import Request.
  Time since last request: 0.000632 seconds.
  path: Assets/Tiles/Layer_0001_8_99.asset
  artifactKey: Guid(f43547b423dbbb6469c85d53455eab35) Importer(815301076,1909f56bfc062723c751e8b465ee728b)
Start importing Assets/Tiles/Layer_0001_8_99.asset using Guid(f43547b423dbbb6469c85d53455eab35) Importer(815301076,1909f56bfc062723c751e8b465ee728b)  -> (artifact id: '70643152cf3b21537640d1af73f4f768') in 0.269095 seconds 
  Import took 0.292508 seconds .

========================================================================
Received Import Request.
  Time since last request: 0.000132 seconds.
  path: Assets/Tiles/Layer_0001_8_103.asset
  artifactKey: Guid(0ae68630ad1637b4fa4f6e7c6d7ba2d7) Importer(815301076,1909f56bfc062723c751e8b465ee728b)
Start importing Assets/Tiles/Layer_0001_8_103.asset using Guid(0ae68630ad1637b4fa4f6e7c6d7ba2d7) Importer(815301076,1909f56bfc062723c751e8b465ee728b)  -> (artifact id: '5dce35c1a4e28ad5590fbc5425bb92e3') in 0.394221 seconds 
  Import took 0.455426 seconds .

========================================================================
Received Import Request.
  Time since last request: 0.001510 seconds.
  path: Assets/Tiles/Layer_0001_8_107.asset
  artifactKey: Guid(8c03dfa6610f3d84f803eebc9b00e4d4) Importer(815301076,1909f56bfc062723c751e8b465ee728b)
Start importing Assets/Tiles/Layer_0001_8_107.asset using Guid(8c03dfa6610f3d84f803eebc9b00e4d4) Importer(815301076,1909f56bfc062723c751e8b465ee728b)  -> (artifact id: '736e2af1ab1cebe61ce6a6d13e889fe4') in 0.566576 seconds 
  Import took 0.659112 seconds .

========================================================================
Received Import Request.
  Time since last request: 0.001721 seconds.
  path: Assets/Tiles/Layer_0001_8_105.asset
  artifactKey: Guid(faddcd0bc9c8961499e0d5f1e3ab57ca) Importer(815301076,1909f56bfc062723c751e8b465ee728b)
Start importing Assets/Tiles/Layer_0001_8_105.asset using Guid(faddcd0bc9c8961499e0d5f1e3ab57ca) Importer(815301076,1909f56bfc062723c751e8b465ee728b)  -> (artifact id: '183a1174145c0086cabb3f4aae41071c') in 0.452685 seconds 
  Import took 0.515254 seconds .

========================================================================
Received Import Request.
  Time since last request: 0.001272 seconds.
  path: Assets/Tiles/Layer_0001_8_98.asset
  artifactKey: Guid(e0d83c84470458a49928d6e9552c46a2) Importer(815301076,1909f56bfc062723c751e8b465ee728b)
Start importing Assets/Tiles/Layer_0001_8_98.asset using Guid(e0d83c84470458a49928d6e9552c46a2) Importer(815301076,1909f56bfc062723c751e8b465ee728b)  -> (artifact id: '329f951f20d434b76ba5be19bb82b7a7') in 0.212420 seconds 
  Import took 0.362802 seconds .

========================================================================
Received Import Request.
  Time since last request: 0.002908 seconds.
  path: Assets/Tiles/Layer_0001_8_36.asset
  artifactKey: Guid(493f557590d935b45ac56be6bfd55918) Importer(815301076,1909f56bfc062723c751e8b465ee728b)
Start importing Assets/Tiles/Layer_0001_8_36.asset using Guid(493f557590d935b45ac56be6bfd55918) Importer(815301076,1909f56bfc062723c751e8b465ee728b)  -> (artifact id: '9d8a29ac45ee4dc6fa74d1687e6b3569') in 0.181541 seconds 
  Import took 0.238642 seconds .

========================================================================
Received Import Request.
  Time since last request: 0.002399 seconds.
  path: Assets/Tiles/Layer_0001_8_86.asset
  artifactKey: Guid(2b3bb2168deb59e46955c05a1f49a89f) Importer(815301076,1909f56bfc062723c751e8b465ee728b)
Start importing Assets/Tiles/Layer_0001_8_86.asset using Guid(2b3bb2168deb59e46955c05a1f49a89f) Importer(815301076,1909f56bfc062723c751e8b465ee728b)  -> (artifact id: '47cadcc1feb50082377d9fdd6461f861') in 0.227183 seconds 
  Import took 0.298808 seconds .

========================================================================
Received Import Request.
  Time since last request: 0.001188 seconds.
  path: Assets/Tiles/Layer_0001_8_64.asset
  artifactKey: Guid(c0849d9d7e8309142b9cc8e72d6af1a1) Importer(815301076,1909f56bfc062723c751e8b465ee728b)
Start importing Assets/Tiles/Layer_0001_8_64.asset using Guid(c0849d9d7e8309142b9cc8e72d6af1a1) Importer(815301076,1909f56bfc062723c751e8b465ee728b)  -> (artifact id: 'e41ed66b8019cb87cb3480f958304720') in 0.177461 seconds 
  Import took 0.245219 seconds .

========================================================================
Received Import Request.
  Time since last request: 0.000938 seconds.
  path: Assets/Tiles/Layer_0001_8_50.asset
  artifactKey: Guid(efa13d2468dcd864cbd6b1dcc55a1dc8) Importer(815301076,1909f56bfc062723c751e8b465ee728b)
Start importing Assets/Tiles/Layer_0001_8_50.asset using Guid(efa13d2468dcd864cbd6b1dcc55a1dc8) Importer(815301076,1909f56bfc062723c751e8b465ee728b)  -> (artifact id: '34a4ca23f4e3e007772b54a0195eff71') in 0.207504 seconds 
  Import took 0.273746 seconds .

========================================================================
Received Import Request.
  Time since last request: 0.001167 seconds.
  path: Assets
  artifactKey: Guid(00000000000000001000000000000000) Importer(815301076,1909f56bfc062723c751e8b465ee728b)
Start importing Assets using Guid(00000000000000001000000000000000) Importer(815301076,1909f56bfc062723c751e8b465ee728b)  -> (artifact id: '42d402b061de3733987d63b9cc3b64de') in 0.099780 seconds 
  Import took 0.230107 seconds .

========================================================================
Received Import Request.
  Time since last request: 0.004003 seconds.
  path: Assets/Tiles/Layer_0001_8_2.asset
  artifactKey: Guid(88cdb2af127efa047b97ae657f3d66ef) Importer(815301076,1909f56bfc062723c751e8b465ee728b)
Start importing Assets/Tiles/Layer_0001_8_2.asset using Guid(88cdb2af127efa047b97ae657f3d66ef) Importer(815301076,1909f56bfc062723c751e8b465ee728b)  -> (artifact id: 'dbb4481cdcf9c797deb40ef8ae3956e9') in 0.337050 seconds 
  Import took 0.398326 seconds .

========================================================================
Received Import Request.
  Time since last request: 0.003222 seconds.
  path: Assets/Tiles/Layer_0001_8_102.asset
  artifactKey: Guid(cfcbf82f9ee9e884c967fc8707e6ad13) Importer(815301076,1909f56bfc062723c751e8b465ee728b)
Start importing Assets/Tiles/Layer_0001_8_102.asset using Guid(cfcbf82f9ee9e884c967fc8707e6ad13) Importer(815301076,1909f56bfc062723c751e8b465ee728b)  -> (artifact id: '72476b1b80d09f020bb2273d52764859') in 0.071694 seconds 
  Import took 0.092877 seconds .

========================================================================
Received Import Request.
  Time since last request: 0.000536 seconds.
  path: Assets/Tiles/Layer_0001_8_96.asset
  artifactKey: Guid(e4da71c9fd4609c4daf2c973bc89055f) Importer(815301076,1909f56bfc062723c751e8b465ee728b)
Start importing Assets/Tiles/Layer_0001_8_96.asset using Guid(e4da71c9fd4609c4daf2c973bc89055f) Importer(815301076,1909f56bfc062723c751e8b465ee728b)  -> (artifact id: 'f41efa972aba552876e7d01159ebf5fd') in 0.020140 seconds 
  Import took 0.057224 seconds .

========================================================================
Received Import Request.
  Time since last request: 0.000383 seconds.
  path: Assets/Tiles/Layer_0001_8_39.asset
  artifactKey: Guid(f8f86ce964c583647b11ffc4d411cb84) Importer(815301076,1909f56bfc062723c751e8b465ee728b)
Start importing Assets/Tiles/Layer_0001_8_39.asset using Guid(f8f86ce964c583647b11ffc4d411cb84) Importer(815301076,1909f56bfc062723c751e8b465ee728b)  -> (artifact id: 'df481774140cc22585ea8b98e78a16b3') in 0.082426 seconds 
  Import took 0.172356 seconds .

========================================================================
Received Import Request.
  Time since last request: 0.000393 seconds.
  path: Assets/Tiles/Layer_0001_8_43.asset
  artifactKey: Guid(866aae81e1e0db14c91f7a431845f6f1) Importer(815301076,1909f56bfc062723c751e8b465ee728b)
Start importing Assets/Tiles/Layer_0001_8_43.asset using Guid(866aae81e1e0db14c91f7a431845f6f1) Importer(815301076,1909f56bfc062723c751e8b465ee728b)  -> (artifact id: '0aadde14ba88236766311fd7833f3da1') in 0.041440 seconds 
  Import took 0.071737 seconds .

========================================================================
Received Import Request.
  Time since last request: 0.000603 seconds.
  path: Assets/Tiles/Layer_0001_8_38.asset
  artifactKey: Guid(00c7ee56417802e46beaabb5f4883c54) Importer(815301076,1909f56bfc062723c751e8b465ee728b)
Start importing Assets/Tiles/Layer_0001_8_38.asset using Guid(00c7ee56417802e46beaabb5f4883c54) Importer(815301076,1909f56bfc062723c751e8b465ee728b)  -> (artifact id: '46db7f3023233a70f389d93869270cf2') in 0.183229 seconds 
  Import took 0.195920 seconds .

========================================================================
Received Import Request.
  Time since last request: 0.000606 seconds.
  path: Assets/Tiles/Layer_0001_8_59.asset
  artifactKey: Guid(94aa17d51f9f94045ba6f013bd10e604) Importer(815301076,1909f56bfc062723c751e8b465ee728b)
Start importing Assets/Tiles/Layer_0001_8_59.asset using Guid(94aa17d51f9f94045ba6f013bd10e604) Importer(815301076,1909f56bfc062723c751e8b465ee728b)  -> (artifact id: '79926af53dab221f796da14441f2517e') in 0.095267 seconds 
  Import took 0.127146 seconds .

========================================================================
Received Import Request.
  Time since last request: 0.000144 seconds.
  path: Assets/Tiles/Layer_0001_8_65.asset
  artifactKey: Guid(513e7f0fa5848354395dd55de9155690) Importer(815301076,1909f56bfc062723c751e8b465ee728b)
Start importing Assets/Tiles/Layer_0001_8_65.asset using Guid(513e7f0fa5848354395dd55de9155690) Importer(815301076,1909f56bfc062723c751e8b465ee728b)  -> (artifact id: '6faae23034b8830f936bb9c4d483feb7') in 0.086997 seconds 
  Import took 0.101103 seconds .

========================================================================
Received Import Request.
  Time since last request: 0.000614 seconds.
  path: Assets/Tiles/Layer_0001_8_100.asset
  artifactKey: Guid(6c9f989f1116849458c680062d53de40) Importer(815301076,1909f56bfc062723c751e8b465ee728b)
Start importing Assets/Tiles/Layer_0001_8_100.asset using Guid(6c9f989f1116849458c680062d53de40) Importer(815301076,1909f56bfc062723c751e8b465ee728b)  -> (artifact id: '58235f9dc154969db0b49f5b7d7169d3') in 0.149461 seconds 
  Import took 0.210628 seconds .

========================================================================
Received Import Request.
  Time since last request: 0.000658 seconds.
  path: Assets/Tiles/Layer_0001_8_35.asset
  artifactKey: Guid(7ab6f2b5001c8d149b53ea6ac961ec54) Importer(815301076,1909f56bfc062723c751e8b465ee728b)
Start importing Assets/Tiles/Layer_0001_8_35.asset using Guid(7ab6f2b5001c8d149b53ea6ac961ec54) Importer(815301076,1909f56bfc062723c751e8b465ee728b)  -> (artifact id: '7a1bda555ea248833b61a794ce60a19c') in 0.063350 seconds 
  Import took 0.178705 seconds .

========================================================================
Received Import Request.
  Time since last request: 0.000601 seconds.
  path: Assets/Tiles/Layer_0001_8_104.asset
  artifactKey: Guid(83627f61c05c4d8498f9aab37242e5a8) Importer(815301076,1909f56bfc062723c751e8b465ee728b)
Start importing Assets/Tiles/Layer_0001_8_104.asset using Guid(83627f61c05c4d8498f9aab37242e5a8) Importer(815301076,1909f56bfc062723c751e8b465ee728b)  -> (artifact id: '5d40302884b166992b87cd8aa1486e9f') in 0.168506 seconds 
  Import took 0.182714 seconds .

========================================================================
Received Import Request.
  Time since last request: 0.000594 seconds.
  path: Assets/Tiles/Layer_0001_8_53.asset
  artifactKey: Guid(6a2f0258d4cdf3f4e9c455385f74d47e) Importer(815301076,1909f56bfc062723c751e8b465ee728b)
Start importing Assets/Tiles/Layer_0001_8_53.asset using Guid(6a2f0258d4cdf3f4e9c455385f74d47e) Importer(815301076,1909f56bfc062723c751e8b465ee728b)  -> (artifact id: 'a66902902e6b0ca6ecb61ad1bae2cfe3') in 0.061731 seconds 
  Import took 0.073570 seconds .

========================================================================
Received Import Request.
  Time since last request: 0.000421 seconds.
  path: Assets/Tiles/Layer_0001_8_67.asset
  artifactKey: Guid(1284a43bd7f8d2e49bd1c7cb87a5be2b) Importer(815301076,1909f56bfc062723c751e8b465ee728b)
Start importing Assets/Tiles/Layer_0001_8_67.asset using Guid(1284a43bd7f8d2e49bd1c7cb87a5be2b) Importer(815301076,1909f56bfc062723c751e8b465ee728b)  -> (artifact id: 'acfead1057103b008bf191da1bb2d813') in 0.104153 seconds 
  Import took 0.130645 seconds .

========================================================================
Received Import Request.
  Time since last request: 0.000155 seconds.
  path: Assets/Tiles/Layer_0001_8_34.asset
  artifactKey: Guid(dc7edb2913c46e04388c2c108cc5e24f) Importer(815301076,1909f56bfc062723c751e8b465ee728b)
Start importing Assets/Tiles/Layer_0001_8_34.asset using Guid(dc7edb2913c46e04388c2c108cc5e24f) Importer(815301076,1909f56bfc062723c751e8b465ee728b)  -> (artifact id: 'bb7795e026387e4eee7e4252705dde58') in 0.113043 seconds 
  Import took 0.136389 seconds .

========================================================================
Received Import Request.
  Time since last request: 0.000586 seconds.
  path: Assets/Tiles/Layer_0001_8_69.asset
  artifactKey: Guid(1395c311a65b5ce4cbe4541a42961e18) Importer(815301076,1909f56bfc062723c751e8b465ee728b)
Start importing Assets/Tiles/Layer_0001_8_69.asset using Guid(1395c311a65b5ce4cbe4541a42961e18) Importer(815301076,1909f56bfc062723c751e8b465ee728b)  -> (artifact id: '7753e1ed4cbf6fea6159d2569403dc3e') in 0.117899 seconds 
  Import took 0.158380 seconds .

========================================================================
Received Import Request.
  Time since last request: 0.000130 seconds.
  path: Assets/Tiles/Layer_0001_8_71.asset
  artifactKey: Guid(b51f8d632d6ef4c4a84b5d632cfd1eaf) Importer(815301076,1909f56bfc062723c751e8b465ee728b)
Start importing Assets/Tiles/Layer_0001_8_71.asset using Guid(b51f8d632d6ef4c4a84b5d632cfd1eaf) Importer(815301076,1909f56bfc062723c751e8b465ee728b)  -> (artifact id: '8297d1527f025a70129c14127ab6f324') in 0.057201 seconds 
  Import took 0.070755 seconds .

========================================================================
Received Import Request.
  Time since last request: 0.000600 seconds.
  path: Assets/Tiles/Layer_0001_8_57.asset
  artifactKey: Guid(95458e1a34cb9674cb0737bb969dc2dc) Importer(815301076,1909f56bfc062723c751e8b465ee728b)
Start importing Assets/Tiles/Layer_0001_8_57.asset using Guid(95458e1a34cb9674cb0737bb969dc2dc) Importer(815301076,1909f56bfc062723c751e8b465ee728b)  -> (artifact id: 'a7ac8f20b2e5ad6c68f90dda5291bb54') in 0.040893 seconds 
  Import took 0.080863 seconds .

========================================================================
Received Import Request.
  Time since last request: 0.000530 seconds.
  path: Assets/Tiles/Layer_0001_8_93.asset
  artifactKey: Guid(73eea97426ab32f46865f7b2c598ce1a) Importer(815301076,1909f56bfc062723c751e8b465ee728b)
Start importing Assets/Tiles/Layer_0001_8_93.asset using Guid(73eea97426ab32f46865f7b2c598ce1a) Importer(815301076,1909f56bfc062723c751e8b465ee728b)  -> (artifact id: '7878a50a5db745e06a2fb0b6ef5d40ee') in 0.092557 seconds 
  Import took 0.105569 seconds .

========================================================================
Received Import Request.
  Time since last request: 0.000561 seconds.
  path: Assets/Tiles/Layer_0001_8_33.asset
  artifactKey: Guid(93fb073d91f6401488282120af4df11f) Importer(815301076,1909f56bfc062723c751e8b465ee728b)
Start importing Assets/Tiles/Layer_0001_8_33.asset using Guid(93fb073d91f6401488282120af4df11f) Importer(815301076,1909f56bfc062723c751e8b465ee728b)  -> (artifact id: 'b4af0c0fa8e44d15dea0de9d3b8b725d') in 0.040032 seconds 
  Import took 0.097278 seconds .

========================================================================
Received Import Request.
  Time since last request: 0.000133 seconds.
  path: Assets/Tiles/Layer_0001_8_84.asset
  artifactKey: Guid(3f10497ecb886e54589ba8bf60b2e771) Importer(815301076,1909f56bfc062723c751e8b465ee728b)
Start importing Assets/Tiles/Layer_0001_8_84.asset using Guid(3f10497ecb886e54589ba8bf60b2e771) Importer(815301076,1909f56bfc062723c751e8b465ee728b)  -> (artifact id: '5a9ef09ab5ba867bc6e80ef7917bf520') in 0.123637 seconds 
  Import took 0.156879 seconds .

========================================================================
Received Import Request.
  Time since last request: 0.000711 seconds.
  path: Assets/Tiles/Layer_0001_8_88.asset
  artifactKey: Guid(a238358c8c790d645a4f1c32f67efb1b) Importer(815301076,1909f56bfc062723c751e8b465ee728b)
Start importing Assets/Tiles/Layer_0001_8_88.asset using Guid(a238358c8c790d645a4f1c32f67efb1b) Importer(815301076,1909f56bfc062723c751e8b465ee728b)  -> (artifact id: 'd72db2859fa4a951a9743f27a2454eb2') in 0.056116 seconds 
  Import took 0.071535 seconds .

========================================================================
Received Import Request.
  Time since last request: 0.001188 seconds.
  path: Assets/Tiles/Layer_0001_8_91.asset
  artifactKey: Guid(13ee768019d64bc489e28175342ceb7f) Importer(815301076,1909f56bfc062723c751e8b465ee728b)
Start importing Assets/Tiles/Layer_0001_8_91.asset using Guid(13ee768019d64bc489e28175342ceb7f) Importer(815301076,1909f56bfc062723c751e8b465ee728b)  -> (artifact id: '69201336777b504d95b2600d1469e304') in 0.063653 seconds 
  Import took 0.081209 seconds .

========================================================================
Received Import Request.
  Time since last request: 0.000616 seconds.
  path: Assets/Tiles/Layer_0001_8_61.asset
  artifactKey: Guid(ece1dafc714002a4e9c5a06e4c7118c3) Importer(815301076,1909f56bfc062723c751e8b465ee728b)
Start importing Assets/Tiles/Layer_0001_8_61.asset using Guid(ece1dafc714002a4e9c5a06e4c7118c3) Importer(815301076,1909f56bfc062723c751e8b465ee728b)  -> (artifact id: '896606c10b3a11cb2d189903d743aa13') in 0.057867 seconds 
  Import took 0.082060 seconds .

========================================================================
Received Import Request.
  Time since last request: 0.000477 seconds.
  path: Assets/Tiles/Layer_0001_8_42.asset
  artifactKey: Guid(09ac4a8a87eb6ed46b1c0e128886f46b) Importer(815301076,1909f56bfc062723c751e8b465ee728b)
Start importing Assets/Tiles/Layer_0001_8_42.asset using Guid(09ac4a8a87eb6ed46b1c0e128886f46b) Importer(815301076,1909f56bfc062723c751e8b465ee728b)  -> (artifact id: 'bd43230c8e6e61d14f0fa99d4ac82f0d') in 0.041183 seconds 
  Import took 0.063834 seconds .

========================================================================
Received Import Request.
  Time since last request: 0.000833 seconds.
  path: Assets/Tiles/Layer_0001_8_87.asset
  artifactKey: Guid(cff43511ba9ecd04ab39ec723cfeabfb) Importer(815301076,1909f56bfc062723c751e8b465ee728b)
Start importing Assets/Tiles/Layer_0001_8_87.asset using Guid(cff43511ba9ecd04ab39ec723cfeabfb) Importer(815301076,1909f56bfc062723c751e8b465ee728b)  -> (artifact id: 'f902b86cc5359f41fcce818472124223') in 0.155134 seconds 
  Import took 0.205806 seconds .

========================================================================
Received Import Request.
  Time since last request: 0.000584 seconds.
  path: Assets/Tiles/Layer_0001_8_89.asset
  artifactKey: Guid(76f7b1260b7d3f94db4f88ec6c35b69b) Importer(815301076,1909f56bfc062723c751e8b465ee728b)
Start importing Assets/Tiles/Layer_0001_8_89.asset using Guid(76f7b1260b7d3f94db4f88ec6c35b69b) Importer(815301076,1909f56bfc062723c751e8b465ee728b)  -> (artifact id: '80bd3a4595daf2da0356724983bdf9f6') in 0.081648 seconds 
  Import took 0.156220 seconds .

========================================================================
Received Import Request.
  Time since last request: 0.000613 seconds.
  path: Assets/Tiles/Layer_0001_8_6.asset
  artifactKey: Guid(dec936c4c4e4cdc43a719763ebcd90cb) Importer(815301076,1909f56bfc062723c751e8b465ee728b)
Start importing Assets/Tiles/Layer_0001_8_6.asset using Guid(dec936c4c4e4cdc43a719763ebcd90cb) Importer(815301076,1909f56bfc062723c751e8b465ee728b)  -> (artifact id: '1cef54330a6e3a459ed2f8e6d0cd111a') in 0.137860 seconds 
  Import took 0.179716 seconds .

========================================================================
Received Import Request.
  Time since last request: 0.000614 seconds.
  path: Assets/Tiles/Layer_0001_8_32.asset
  artifactKey: Guid(d2a9abd7c2396f542b6481450b9ce6ad) Importer(815301076,1909f56bfc062723c751e8b465ee728b)
Start importing Assets/Tiles/Layer_0001_8_32.asset using Guid(d2a9abd7c2396f542b6481450b9ce6ad) Importer(815301076,1909f56bfc062723c751e8b465ee728b)  -> (artifact id: 'e1a2849c8ec8cf1f75fa296870ef7e89') in 0.067063 seconds 
  Import took 0.101291 seconds .

========================================================================
Received Import Request.
  Time since last request: 0.000622 seconds.
  path: Assets/Tiles/Layer_0001_8_0.asset
  artifactKey: Guid(5e33c31397de140439c3752424d30845) Importer(815301076,1909f56bfc062723c751e8b465ee728b)
Start importing Assets/Tiles/Layer_0001_8_0.asset using Guid(5e33c31397de140439c3752424d30845) Importer(815301076,1909f56bfc062723c751e8b465ee728b)  -> (artifact id: '050348818cae1bcd14d76e5475093602') in 0.158663 seconds 
  Import took 0.171107 seconds .

========================================================================
Received Import Request.
  Time since last request: 0.000596 seconds.
  path: Assets/Tiles/Layer_0001_8_66.asset
  artifactKey: Guid(375392d1542d5d9478b0e351ee176a55) Importer(815301076,1909f56bfc062723c751e8b465ee728b)
Start importing Assets/Tiles/Layer_0001_8_66.asset using Guid(375392d1542d5d9478b0e351ee176a55) Importer(815301076,1909f56bfc062723c751e8b465ee728b)  -> (artifact id: '1f1a4f719eae6f5b2deb3893c407ea03') in 0.075755 seconds 
  Import took 0.127172 seconds .

========================================================================
Received Import Request.
  Time since last request: 0.000515 seconds.
  path: Assets/Tiles/Layer_0001_8_41.asset
  artifactKey: Guid(e0d71fe68dd84604eb93ec24ece1eb8b) Importer(815301076,1909f56bfc062723c751e8b465ee728b)
Start importing Assets/Tiles/Layer_0001_8_41.asset using Guid(e0d71fe68dd84604eb93ec24ece1eb8b) Importer(815301076,1909f56bfc062723c751e8b465ee728b)  -> (artifact id: '4ade7948f379824427af1d9cce495f16') in 0.063837 seconds 
  Import took 0.084401 seconds .

========================================================================
Received Import Request.
  Time since last request: 0.000617 seconds.
  path: Assets/Tiles/Layer_0001_8_49.asset
  artifactKey: Guid(be32894ce9811da4cbccf7e5ef82923b) Importer(815301076,1909f56bfc062723c751e8b465ee728b)
Start importing Assets/Tiles/Layer_0001_8_49.asset using Guid(be32894ce9811da4cbccf7e5ef82923b) Importer(815301076,1909f56bfc062723c751e8b465ee728b)  -> (artifact id: 'eda7a4764c21d6d5ff9d99eacf7775ca') in 0.036388 seconds 
  Import took 0.088090 seconds .

========================================================================
Received Import Request.
  Time since last request: 0.000611 seconds.
  path: Assets/Tiles/Layer_0001_8_85.asset
  artifactKey: Guid(edf386894546e3443817a37d00148890) Importer(815301076,1909f56bfc062723c751e8b465ee728b)
Start importing Assets/Tiles/Layer_0001_8_85.asset using Guid(edf386894546e3443817a37d00148890) Importer(815301076,1909f56bfc062723c751e8b465ee728b)  -> (artifact id: 'c9e4e3d8628a3446dcafa063ed035e8b') in 0.038684 seconds 
  Import took 0.079385 seconds .

========================================================================
Received Import Request.
  Time since last request: 0.000144 seconds.
  path: Assets/Tiles/Layer_0001_8_52.asset
  artifactKey: Guid(feb9728ccd8cbd54995af1e1b9942c06) Importer(815301076,1909f56bfc062723c751e8b465ee728b)
Start importing Assets/Tiles/Layer_0001_8_52.asset using Guid(feb9728ccd8cbd54995af1e1b9942c06) Importer(815301076,1909f56bfc062723c751e8b465ee728b)  -> (artifact id: 'c2ed686c5bf212632db15ccc23ffaca2') in 0.069328 seconds 
  Import took 0.081033 seconds .

========================================================================
Received Import Request.
  Time since last request: 0.000604 seconds.
  path: Assets/Tiles/Layer_0001_8_94.asset
  artifactKey: Guid(fcde315ee869ea54fbbffe221779874c) Importer(815301076,1909f56bfc062723c751e8b465ee728b)
Start importing Assets/Tiles/Layer_0001_8_94.asset using Guid(fcde315ee869ea54fbbffe221779874c) Importer(815301076,1909f56bfc062723c751e8b465ee728b)  -> (artifact id: 'c36817b18cf635a79664522a326481d7') in 0.164611 seconds 
  Import took 0.176927 seconds .

========================================================================
Received Import Request.
  Time since last request: 0.000573 seconds.
  path: Assets/Tiles/Layer_0001_8_37.asset
  artifactKey: Guid(d8d75c164916b41479a65014bfb46ca7) Importer(815301076,1909f56bfc062723c751e8b465ee728b)
Start importing Assets/Tiles/Layer_0001_8_37.asset using Guid(d8d75c164916b41479a65014bfb46ca7) Importer(815301076,1909f56bfc062723c751e8b465ee728b)  -> (artifact id: '8493ed414e983ee9e030beff644a9865') in 0.126473 seconds 
  Import took 0.215696 seconds .

========================================================================
Received Import Request.
  Time since last request: 76.282772 seconds.
  path: Packages/com.unity.timeline
  artifactKey: Guid(a4610cf559d77b9f256416d9ccaeac55) Importer(815301076,1909f56bfc062723c751e8b465ee728b)
Start importing Packages/com.unity.timeline using Guid(a4610cf559d77b9f256416d9ccaeac55) Importer(815301076,1909f56bfc062723c751e8b465ee728b)  -> (artifact id: 'faf0c4e2b16555589375b70b30cdb036') in 0.249803 seconds 
  Import took 0.356070 seconds .

========================================================================
Received Import Request.
  Time since last request: 0.001476 seconds.
  path: Packages/com.unity.timeline/package.json
  artifactKey: Guid(13a9c1b4df2e489e8eb9cacca7429596) Importer(815301076,1909f56bfc062723c751e8b465ee728b)
Start importing Packages/com.unity.timeline/package.json using Guid(13a9c1b4df2e489e8eb9cacca7429596) Importer(815301076,1909f56bfc062723c751e8b465ee728b)  -> (artifact id: '82c6c08db8f434b9305b26de0687e812') in 0.990403 seconds 
  Import took 1.013464 seconds .

========================================================================
Received Import Request.
  Time since last request: 0.129399 seconds.
  path: Packages/com.unity.timeline/DocCodeExamples
  artifactKey: Guid(5486badfefef3eb47b45d071d232469d) Importer(815301076,1909f56bfc062723c751e8b465ee728b)
Start importing Packages/com.unity.timeline/DocCodeExamples using Guid(5486badfefef3eb47b45d071d232469d) Importer(815301076,1909f56bfc062723c751e8b465ee728b)  -> (artifact id: 'd7a546f6313b8943adbf2b4f04ff9775') in 0.214432 seconds 
  Import took 0.252305 seconds .

========================================================================
Received Import Request.
  Time since last request: 0.000115 seconds.
  path: Packages/com.unity.timeline/DocCodeExamples/DocCodeExamples.asmdef
  artifactKey: Guid(9550f6b9c1ac87345a996c43f204fb30) Importer(815301076,1909f56bfc062723c751e8b465ee728b)
Start importing Packages/com.unity.timeline/DocCodeExamples/DocCodeExamples.asmdef using Guid(9550f6b9c1ac87345a996c43f204fb30) Importer(815301076,1909f56bfc062723c751e8b465ee728b)  -> (artifact id: 'f483ce6ab1cf87d08116251ed81213b3') in 0.097786 seconds 
  Import took 0.187168 seconds .

========================================================================
Received Import Request.
  Time since last request: 30.046360 seconds.
  path: Assets/Free Pixel Art Forest/You may also like
  artifactKey: Guid(fe752c02cb1e17c4da59e2e3b83e7c11) Importer(815301076,1909f56bfc062723c751e8b465ee728b)
Start importing Assets/Free Pixel Art Forest/You may also like using Guid(fe752c02cb1e17c4da59e2e3b83e7c11) Importer(815301076,1909f56bfc062723c751e8b465ee728b)  -> (artifact id: 'c8c0deb3faa93d67e20c5426c39e3bea') in 0.262544 seconds 
  Import took 0.315630 seconds .

AssetImportWorkerClient::OnTransportError - code=2 error=End of file
